<?xml version="1.0" encoding="UTF-8"?>
<testsuite xmlns:xsi="http://www.w3.org/2001/XMLSchema-instance" xsi:noNamespaceSchemaLocation="https://maven.apache.org/surefire/maven-surefire-plugin/xsd/surefire-test-report.xsd" name="com.lz.test.UploadFileTest" time="0.017" tests="1" errors="0" skipped="0" failures="0">
  <properties>
    <property name="sun.desktop" value="windows"/>
    <property name="awt.toolkit" value="sun.awt.windows.WToolkit"/>
    <property name="file.encoding.pkg" value="sun.io"/>
    <property name="java.specification.version" value="1.8"/>
    <property name="sun.cpu.isalist" value="amd64"/>
    <property name="sun.jnu.encoding" value="GBK"/>
    <property name="java.class.path" value="F:\workplaces\java\youtuanwm\target\test-classes;F:\workplaces\java\youtuanwm\target\classes;F:\workplaces\maven\apache-maven-3.8.4\mvn_resp\com\aliyun\aliyun-java-sdk-core\4.5.16\aliyun-java-sdk-core-4.5.16.jar;F:\workplaces\maven\apache-maven-3.8.4\mvn_resp\com\google\code\gson\gson\2.8.6\gson-2.8.6.jar;F:\workplaces\maven\apache-maven-3.8.4\mvn_resp\org\apache\httpcomponents\httpclient\4.5.13\httpclient-4.5.13.jar;F:\workplaces\maven\apache-maven-3.8.4\mvn_resp\commons-codec\commons-codec\1.15\commons-codec-1.15.jar;F:\workplaces\maven\apache-maven-3.8.4\mvn_resp\org\apache\httpcomponents\httpcore\4.4.14\httpcore-4.4.14.jar;F:\workplaces\maven\apache-maven-3.8.4\mvn_resp\commons-logging\commons-logging\1.2\commons-logging-1.2.jar;F:\workplaces\maven\apache-maven-3.8.4\mvn_resp\javax\xml\bind\jaxb-api\2.3.1\jaxb-api-2.3.1.jar;F:\workplaces\maven\apache-maven-3.8.4\mvn_resp\javax\activation\javax.activation-api\1.2.0\javax.activation-api-1.2.0.jar;F:\workplaces\maven\apache-maven-3.8.4\mvn_resp\org\jacoco\org.jacoco.agent\0.8.6\org.jacoco.agent-0.8.6-runtime.jar;F:\workplaces\maven\apache-maven-3.8.4\mvn_resp\org\ini4j\ini4j\0.5.4\ini4j-0.5.4.jar;F:\workplaces\maven\apache-maven-3.8.4\mvn_resp\org\slf4j\slf4j-api\1.7.30\slf4j-api-1.7.30.jar;F:\workplaces\maven\apache-maven-3.8.4\mvn_resp\io\opentracing\opentracing-api\0.33.0\opentracing-api-0.33.0.jar;F:\workplaces\maven\apache-maven-3.8.4\mvn_resp\io\opentracing\opentracing-util\0.33.0\opentracing-util-0.33.0.jar;F:\workplaces\maven\apache-maven-3.8.4\mvn_resp\io\opentracing\opentracing-noop\0.33.0\opentracing-noop-0.33.0.jar;F:\workplaces\maven\apache-maven-3.8.4\mvn_resp\com\aliyun\aliyun-java-sdk-dysmsapi\2.1.0\aliyun-java-sdk-dysmsapi-2.1.0.jar;F:\workplaces\maven\apache-maven-3.8.4\mvn_resp\org\springframework\boot\spring-boot-starter\2.4.5\spring-boot-starter-2.4.5.jar;F:\workplaces\maven\apache-maven-3.8.4\mvn_resp\org\springframework\boot\spring-boot\2.4.5\spring-boot-2.4.5.jar;F:\workplaces\maven\apache-maven-3.8.4\mvn_resp\org\springframework\spring-context\5.3.6\spring-context-5.3.6.jar;F:\workplaces\maven\apache-maven-3.8.4\mvn_resp\org\springframework\boot\spring-boot-autoconfigure\2.4.5\spring-boot-autoconfigure-2.4.5.jar;F:\workplaces\maven\apache-maven-3.8.4\mvn_resp\org\springframework\boot\spring-boot-starter-logging\2.4.5\spring-boot-starter-logging-2.4.5.jar;F:\workplaces\maven\apache-maven-3.8.4\mvn_resp\ch\qos\logback\logback-classic\1.2.3\logback-classic-1.2.3.jar;F:\workplaces\maven\apache-maven-3.8.4\mvn_resp\ch\qos\logback\logback-core\1.2.3\logback-core-1.2.3.jar;F:\workplaces\maven\apache-maven-3.8.4\mvn_resp\org\apache\logging\log4j\log4j-to-slf4j\2.13.3\log4j-to-slf4j-2.13.3.jar;F:\workplaces\maven\apache-maven-3.8.4\mvn_resp\org\apache\logging\log4j\log4j-api\2.13.3\log4j-api-2.13.3.jar;F:\workplaces\maven\apache-maven-3.8.4\mvn_resp\org\slf4j\jul-to-slf4j\1.7.30\jul-to-slf4j-1.7.30.jar;F:\workplaces\maven\apache-maven-3.8.4\mvn_resp\jakarta\annotation\jakarta.annotation-api\1.3.5\jakarta.annotation-api-1.3.5.jar;F:\workplaces\maven\apache-maven-3.8.4\mvn_resp\org\springframework\spring-core\5.3.6\spring-core-5.3.6.jar;F:\workplaces\maven\apache-maven-3.8.4\mvn_resp\org\springframework\spring-jcl\5.3.6\spring-jcl-5.3.6.jar;F:\workplaces\maven\apache-maven-3.8.4\mvn_resp\org\yaml\snakeyaml\1.27\snakeyaml-1.27.jar;F:\workplaces\maven\apache-maven-3.8.4\mvn_resp\org\springframework\boot\spring-boot-starter-test\2.4.5\spring-boot-starter-test-2.4.5.jar;F:\workplaces\maven\apache-maven-3.8.4\mvn_resp\org\springframework\boot\spring-boot-test\2.4.5\spring-boot-test-2.4.5.jar;F:\workplaces\maven\apache-maven-3.8.4\mvn_resp\org\springframework\boot\spring-boot-test-autoconfigure\2.4.5\spring-boot-test-autoconfigure-2.4.5.jar;F:\workplaces\maven\apache-maven-3.8.4\mvn_resp\com\jayway\jsonpath\json-path\2.4.0\json-path-2.4.0.jar;F:\workplaces\maven\apache-maven-3.8.4\mvn_resp\net\minidev\json-smart\2.3\json-smart-2.3.jar;F:\workplaces\maven\apache-maven-3.8.4\mvn_resp\net\minidev\accessors-smart\1.2\accessors-smart-1.2.jar;F:\workplaces\maven\apache-maven-3.8.4\mvn_resp\org\ow2\asm\asm\5.0.4\asm-5.0.4.jar;F:\workplaces\maven\apache-maven-3.8.4\mvn_resp\jakarta\xml\bind\jakarta.xml.bind-api\2.3.3\jakarta.xml.bind-api-2.3.3.jar;F:\workplaces\maven\apache-maven-3.8.4\mvn_resp\jakarta\activation\jakarta.activation-api\1.2.2\jakarta.activation-api-1.2.2.jar;F:\workplaces\maven\apache-maven-3.8.4\mvn_resp\org\assertj\assertj-core\3.18.1\assertj-core-3.18.1.jar;F:\workplaces\maven\apache-maven-3.8.4\mvn_resp\org\hamcrest\hamcrest\2.2\hamcrest-2.2.jar;F:\workplaces\maven\apache-maven-3.8.4\mvn_resp\org\junit\jupiter\junit-jupiter\5.7.1\junit-jupiter-5.7.1.jar;F:\workplaces\maven\apache-maven-3.8.4\mvn_resp\org\junit\jupiter\junit-jupiter-api\5.7.1\junit-jupiter-api-5.7.1.jar;F:\workplaces\maven\apache-maven-3.8.4\mvn_resp\org\apiguardian\apiguardian-api\1.1.0\apiguardian-api-1.1.0.jar;F:\workplaces\maven\apache-maven-3.8.4\mvn_resp\org\opentest4j\opentest4j\1.2.0\opentest4j-1.2.0.jar;F:\workplaces\maven\apache-maven-3.8.4\mvn_resp\org\junit\platform\junit-platform-commons\1.7.1\junit-platform-commons-1.7.1.jar;F:\workplaces\maven\apache-maven-3.8.4\mvn_resp\org\junit\jupiter\junit-jupiter-params\5.7.1\junit-jupiter-params-5.7.1.jar;F:\workplaces\maven\apache-maven-3.8.4\mvn_resp\org\junit\jupiter\junit-jupiter-engine\5.7.1\junit-jupiter-engine-5.7.1.jar;F:\workplaces\maven\apache-maven-3.8.4\mvn_resp\org\junit\platform\junit-platform-engine\1.7.1\junit-platform-engine-1.7.1.jar;F:\workplaces\maven\apache-maven-3.8.4\mvn_resp\org\mockito\mockito-core\3.6.28\mockito-core-3.6.28.jar;F:\workplaces\maven\apache-maven-3.8.4\mvn_resp\net\bytebuddy\byte-buddy\1.10.22\byte-buddy-1.10.22.jar;F:\workplaces\maven\apache-maven-3.8.4\mvn_resp\net\bytebuddy\byte-buddy-agent\1.10.22\byte-buddy-agent-1.10.22.jar;F:\workplaces\maven\apache-maven-3.8.4\mvn_resp\org\objenesis\objenesis\3.1\objenesis-3.1.jar;F:\workplaces\maven\apache-maven-3.8.4\mvn_resp\org\mockito\mockito-junit-jupiter\3.6.28\mockito-junit-jupiter-3.6.28.jar;F:\workplaces\maven\apache-maven-3.8.4\mvn_resp\org\skyscreamer\jsonassert\1.5.0\jsonassert-1.5.0.jar;F:\workplaces\maven\apache-maven-3.8.4\mvn_resp\com\vaadin\external\google\android-json\0.0.20131108.vaadin1\android-json-0.0.20131108.vaadin1.jar;F:\workplaces\maven\apache-maven-3.8.4\mvn_resp\org\springframework\spring-test\5.3.6\spring-test-5.3.6.jar;F:\workplaces\maven\apache-maven-3.8.4\mvn_resp\org\xmlunit\xmlunit-core\2.7.0\xmlunit-core-2.7.0.jar;F:\workplaces\maven\apache-maven-3.8.4\mvn_resp\org\springframework\boot\spring-boot-starter-web\2.4.5\spring-boot-starter-web-2.4.5.jar;F:\workplaces\maven\apache-maven-3.8.4\mvn_resp\org\springframework\boot\spring-boot-starter-json\2.4.5\spring-boot-starter-json-2.4.5.jar;F:\workplaces\maven\apache-maven-3.8.4\mvn_resp\com\fasterxml\jackson\core\jackson-databind\2.11.4\jackson-databind-2.11.4.jar;F:\workplaces\maven\apache-maven-3.8.4\mvn_resp\com\fasterxml\jackson\core\jackson-annotations\2.11.4\jackson-annotations-2.11.4.jar;F:\workplaces\maven\apache-maven-3.8.4\mvn_resp\com\fasterxml\jackson\core\jackson-core\2.11.4\jackson-core-2.11.4.jar;F:\workplaces\maven\apache-maven-3.8.4\mvn_resp\com\fasterxml\jackson\datatype\jackson-datatype-jdk8\2.11.4\jackson-datatype-jdk8-2.11.4.jar;F:\workplaces\maven\apache-maven-3.8.4\mvn_resp\com\fasterxml\jackson\datatype\jackson-datatype-jsr310\2.11.4\jackson-datatype-jsr310-2.11.4.jar;F:\workplaces\maven\apache-maven-3.8.4\mvn_resp\com\fasterxml\jackson\module\jackson-module-parameter-names\2.11.4\jackson-module-parameter-names-2.11.4.jar;F:\workplaces\maven\apache-maven-3.8.4\mvn_resp\org\springframework\boot\spring-boot-starter-tomcat\2.4.5\spring-boot-starter-tomcat-2.4.5.jar;F:\workplaces\maven\apache-maven-3.8.4\mvn_resp\org\apache\tomcat\embed\tomcat-embed-core\9.0.45\tomcat-embed-core-9.0.45.jar;F:\workplaces\maven\apache-maven-3.8.4\mvn_resp\org\glassfish\jakarta.el\3.0.3\jakarta.el-3.0.3.jar;F:\workplaces\maven\apache-maven-3.8.4\mvn_resp\org\apache\tomcat\embed\tomcat-embed-websocket\9.0.45\tomcat-embed-websocket-9.0.45.jar;F:\workplaces\maven\apache-maven-3.8.4\mvn_resp\org\springframework\spring-web\5.3.6\spring-web-5.3.6.jar;F:\workplaces\maven\apache-maven-3.8.4\mvn_resp\org\springframework\spring-beans\5.3.6\spring-beans-5.3.6.jar;F:\workplaces\maven\apache-maven-3.8.4\mvn_resp\org\springframework\spring-webmvc\5.3.6\spring-webmvc-5.3.6.jar;F:\workplaces\maven\apache-maven-3.8.4\mvn_resp\org\springframework\spring-aop\5.3.6\spring-aop-5.3.6.jar;F:\workplaces\maven\apache-maven-3.8.4\mvn_resp\org\springframework\spring-expression\5.3.6\spring-expression-5.3.6.jar;F:\workplaces\maven\apache-maven-3.8.4\mvn_resp\com\baomidou\mybatis-plus-boot-starter\3.4.2\mybatis-plus-boot-starter-3.4.2.jar;F:\workplaces\maven\apache-maven-3.8.4\mvn_resp\com\baomidou\mybatis-plus\3.4.2\mybatis-plus-3.4.2.jar;F:\workplaces\maven\apache-maven-3.8.4\mvn_resp\com\baomidou\mybatis-plus-extension\3.4.2\mybatis-plus-extension-3.4.2.jar;F:\workplaces\maven\apache-maven-3.8.4\mvn_resp\com\baomidou\mybatis-plus-core\3.4.2\mybatis-plus-core-3.4.2.jar;F:\workplaces\maven\apache-maven-3.8.4\mvn_resp\com\baomidou\mybatis-plus-annotation\3.4.2\mybatis-plus-annotation-3.4.2.jar;F:\workplaces\maven\apache-maven-3.8.4\mvn_resp\com\github\jsqlparser\jsqlparser\4.0\jsqlparser-4.0.jar;F:\workplaces\maven\apache-maven-3.8.4\mvn_resp\org\mybatis\mybatis\3.5.6\mybatis-3.5.6.jar;F:\workplaces\maven\apache-maven-3.8.4\mvn_resp\org\mybatis\mybatis-spring\2.0.5\mybatis-spring-2.0.5.jar;F:\workplaces\maven\apache-maven-3.8.4\mvn_resp\org\springframework\boot\spring-boot-starter-jdbc\2.4.5\spring-boot-starter-jdbc-2.4.5.jar;F:\workplaces\maven\apache-maven-3.8.4\mvn_resp\com\zaxxer\HikariCP\3.4.5\HikariCP-3.4.5.jar;F:\workplaces\maven\apache-maven-3.8.4\mvn_resp\org\springframework\spring-jdbc\5.3.6\spring-jdbc-5.3.6.jar;F:\workplaces\maven\apache-maven-3.8.4\mvn_resp\org\springframework\spring-tx\5.3.6\spring-tx-5.3.6.jar;F:\workplaces\maven\apache-maven-3.8.4\mvn_resp\org\projectlombok\lombok\1.18.20\lombok-1.18.20.jar;F:\workplaces\maven\apache-maven-3.8.4\mvn_resp\com\alibaba\fastjson\1.2.76\fastjson-1.2.76.jar;F:\workplaces\maven\apache-maven-3.8.4\mvn_resp\commons-lang\commons-lang\2.6\commons-lang-2.6.jar;F:\workplaces\maven\apache-maven-3.8.4\mvn_resp\mysql\mysql-connector-java\8.0.23\mysql-connector-java-8.0.23.jar;F:\workplaces\maven\apache-maven-3.8.4\mvn_resp\com\alibaba\druid-spring-boot-starter\1.1.23\druid-spring-boot-starter-1.1.23.jar;F:\workplaces\maven\apache-maven-3.8.4\mvn_resp\com\alibaba\druid\1.1.23\druid-1.1.23.jar;"/>
    <property name="java.vm.vendor" value="Oracle Corporation"/>
    <property name="sun.arch.data.model" value="64"/>
    <property name="user.variant" value=""/>
    <property name="java.vendor.url" value="http://java.oracle.com/"/>
    <property name="user.timezone" value="Asia/Shanghai"/>
    <property name="java.vm.specification.version" value="1.8"/>
    <property name="os.name" value="Windows 10"/>
    <property name="user.country" value="CN"/>
    <property name="sun.java.launcher" value="SUN_STANDARD"/>
    <property name="sun.boot.library.path" value="F:\Java\jre\bin"/>
    <property name="sun.java.command" value="C:\Users\HP\AppData\Local\Temp\surefire3091859859663214683\surefirebooter3718138746278183266.jar C:\Users\HP\AppData\Local\Temp\surefire3091859859663214683 2023-02-05T13-28-14_265-jvmRun1 surefire6194237429394354055tmp surefire_02420607695186586166tmp"/>
    <property name="surefire.test.class.path" value="F:\workplaces\java\youtuanwm\target\test-classes;F:\workplaces\java\youtuanwm\target\classes;F:\workplaces\maven\apache-maven-3.8.4\mvn_resp\com\aliyun\aliyun-java-sdk-core\4.5.16\aliyun-java-sdk-core-4.5.16.jar;F:\workplaces\maven\apache-maven-3.8.4\mvn_resp\com\google\code\gson\gson\2.8.6\gson-2.8.6.jar;F:\workplaces\maven\apache-maven-3.8.4\mvn_resp\org\apache\httpcomponents\httpclient\4.5.13\httpclient-4.5.13.jar;F:\workplaces\maven\apache-maven-3.8.4\mvn_resp\commons-codec\commons-codec\1.15\commons-codec-1.15.jar;F:\workplaces\maven\apache-maven-3.8.4\mvn_resp\org\apache\httpcomponents\httpcore\4.4.14\httpcore-4.4.14.jar;F:\workplaces\maven\apache-maven-3.8.4\mvn_resp\commons-logging\commons-logging\1.2\commons-logging-1.2.jar;F:\workplaces\maven\apache-maven-3.8.4\mvn_resp\javax\xml\bind\jaxb-api\2.3.1\jaxb-api-2.3.1.jar;F:\workplaces\maven\apache-maven-3.8.4\mvn_resp\javax\activation\javax.activation-api\1.2.0\javax.activation-api-1.2.0.jar;F:\workplaces\maven\apache-maven-3.8.4\mvn_resp\org\jacoco\org.jacoco.agent\0.8.6\org.jacoco.agent-0.8.6-runtime.jar;F:\workplaces\maven\apache-maven-3.8.4\mvn_resp\org\ini4j\ini4j\0.5.4\ini4j-0.5.4.jar;F:\workplaces\maven\apache-maven-3.8.4\mvn_resp\org\slf4j\slf4j-api\1.7.30\slf4j-api-1.7.30.jar;F:\workplaces\maven\apache-maven-3.8.4\mvn_resp\io\opentracing\opentracing-api\0.33.0\opentracing-api-0.33.0.jar;F:\workplaces\maven\apache-maven-3.8.4\mvn_resp\io\opentracing\opentracing-util\0.33.0\opentracing-util-0.33.0.jar;F:\workplaces\maven\apache-maven-3.8.4\mvn_resp\io\opentracing\opentracing-noop\0.33.0\opentracing-noop-0.33.0.jar;F:\workplaces\maven\apache-maven-3.8.4\mvn_resp\com\aliyun\aliyun-java-sdk-dysmsapi\2.1.0\aliyun-java-sdk-dysmsapi-2.1.0.jar;F:\workplaces\maven\apache-maven-3.8.4\mvn_resp\org\springframework\boot\spring-boot-starter\2.4.5\spring-boot-starter-2.4.5.jar;F:\workplaces\maven\apache-maven-3.8.4\mvn_resp\org\springframework\boot\spring-boot\2.4.5\spring-boot-2.4.5.jar;F:\workplaces\maven\apache-maven-3.8.4\mvn_resp\org\springframework\spring-context\5.3.6\spring-context-5.3.6.jar;F:\workplaces\maven\apache-maven-3.8.4\mvn_resp\org\springframework\boot\spring-boot-autoconfigure\2.4.5\spring-boot-autoconfigure-2.4.5.jar;F:\workplaces\maven\apache-maven-3.8.4\mvn_resp\org\springframework\boot\spring-boot-starter-logging\2.4.5\spring-boot-starter-logging-2.4.5.jar;F:\workplaces\maven\apache-maven-3.8.4\mvn_resp\ch\qos\logback\logback-classic\1.2.3\logback-classic-1.2.3.jar;F:\workplaces\maven\apache-maven-3.8.4\mvn_resp\ch\qos\logback\logback-core\1.2.3\logback-core-1.2.3.jar;F:\workplaces\maven\apache-maven-3.8.4\mvn_resp\org\apache\logging\log4j\log4j-to-slf4j\2.13.3\log4j-to-slf4j-2.13.3.jar;F:\workplaces\maven\apache-maven-3.8.4\mvn_resp\org\apache\logging\log4j\log4j-api\2.13.3\log4j-api-2.13.3.jar;F:\workplaces\maven\apache-maven-3.8.4\mvn_resp\org\slf4j\jul-to-slf4j\1.7.30\jul-to-slf4j-1.7.30.jar;F:\workplaces\maven\apache-maven-3.8.4\mvn_resp\jakarta\annotation\jakarta.annotation-api\1.3.5\jakarta.annotation-api-1.3.5.jar;F:\workplaces\maven\apache-maven-3.8.4\mvn_resp\org\springframework\spring-core\5.3.6\spring-core-5.3.6.jar;F:\workplaces\maven\apache-maven-3.8.4\mvn_resp\org\springframework\spring-jcl\5.3.6\spring-jcl-5.3.6.jar;F:\workplaces\maven\apache-maven-3.8.4\mvn_resp\org\yaml\snakeyaml\1.27\snakeyaml-1.27.jar;F:\workplaces\maven\apache-maven-3.8.4\mvn_resp\org\springframework\boot\spring-boot-starter-test\2.4.5\spring-boot-starter-test-2.4.5.jar;F:\workplaces\maven\apache-maven-3.8.4\mvn_resp\org\springframework\boot\spring-boot-test\2.4.5\spring-boot-test-2.4.5.jar;F:\workplaces\maven\apache-maven-3.8.4\mvn_resp\org\springframework\boot\spring-boot-test-autoconfigure\2.4.5\spring-boot-test-autoconfigure-2.4.5.jar;F:\workplaces\maven\apache-maven-3.8.4\mvn_resp\com\jayway\jsonpath\json-path\2.4.0\json-path-2.4.0.jar;F:\workplaces\maven\apache-maven-3.8.4\mvn_resp\net\minidev\json-smart\2.3\json-smart-2.3.jar;F:\workplaces\maven\apache-maven-3.8.4\mvn_resp\net\minidev\accessors-smart\1.2\accessors-smart-1.2.jar;F:\workplaces\maven\apache-maven-3.8.4\mvn_resp\org\ow2\asm\asm\5.0.4\asm-5.0.4.jar;F:\workplaces\maven\apache-maven-3.8.4\mvn_resp\jakarta\xml\bind\jakarta.xml.bind-api\2.3.3\jakarta.xml.bind-api-2.3.3.jar;F:\workplaces\maven\apache-maven-3.8.4\mvn_resp\jakarta\activation\jakarta.activation-api\1.2.2\jakarta.activation-api-1.2.2.jar;F:\workplaces\maven\apache-maven-3.8.4\mvn_resp\org\assertj\assertj-core\3.18.1\assertj-core-3.18.1.jar;F:\workplaces\maven\apache-maven-3.8.4\mvn_resp\org\hamcrest\hamcrest\2.2\hamcrest-2.2.jar;F:\workplaces\maven\apache-maven-3.8.4\mvn_resp\org\junit\jupiter\junit-jupiter\5.7.1\junit-jupiter-5.7.1.jar;F:\workplaces\maven\apache-maven-3.8.4\mvn_resp\org\junit\jupiter\junit-jupiter-api\5.7.1\junit-jupiter-api-5.7.1.jar;F:\workplaces\maven\apache-maven-3.8.4\mvn_resp\org\apiguardian\apiguardian-api\1.1.0\apiguardian-api-1.1.0.jar;F:\workplaces\maven\apache-maven-3.8.4\mvn_resp\org\opentest4j\opentest4j\1.2.0\opentest4j-1.2.0.jar;F:\workplaces\maven\apache-maven-3.8.4\mvn_resp\org\junit\platform\junit-platform-commons\1.7.1\junit-platform-commons-1.7.1.jar;F:\workplaces\maven\apache-maven-3.8.4\mvn_resp\org\junit\jupiter\junit-jupiter-params\5.7.1\junit-jupiter-params-5.7.1.jar;F:\workplaces\maven\apache-maven-3.8.4\mvn_resp\org\junit\jupiter\junit-jupiter-engine\5.7.1\junit-jupiter-engine-5.7.1.jar;F:\workplaces\maven\apache-maven-3.8.4\mvn_resp\org\junit\platform\junit-platform-engine\1.7.1\junit-platform-engine-1.7.1.jar;F:\workplaces\maven\apache-maven-3.8.4\mvn_resp\org\mockito\mockito-core\3.6.28\mockito-core-3.6.28.jar;F:\workplaces\maven\apache-maven-3.8.4\mvn_resp\net\bytebuddy\byte-buddy\1.10.22\byte-buddy-1.10.22.jar;F:\workplaces\maven\apache-maven-3.8.4\mvn_resp\net\bytebuddy\byte-buddy-agent\1.10.22\byte-buddy-agent-1.10.22.jar;F:\workplaces\maven\apache-maven-3.8.4\mvn_resp\org\objenesis\objenesis\3.1\objenesis-3.1.jar;F:\workplaces\maven\apache-maven-3.8.4\mvn_resp\org\mockito\mockito-junit-jupiter\3.6.28\mockito-junit-jupiter-3.6.28.jar;F:\workplaces\maven\apache-maven-3.8.4\mvn_resp\org\skyscreamer\jsonassert\1.5.0\jsonassert-1.5.0.jar;F:\workplaces\maven\apache-maven-3.8.4\mvn_resp\com\vaadin\external\google\android-json\0.0.20131108.vaadin1\android-json-0.0.20131108.vaadin1.jar;F:\workplaces\maven\apache-maven-3.8.4\mvn_resp\org\springframework\spring-test\5.3.6\spring-test-5.3.6.jar;F:\workplaces\maven\apache-maven-3.8.4\mvn_resp\org\xmlunit\xmlunit-core\2.7.0\xmlunit-core-2.7.0.jar;F:\workplaces\maven\apache-maven-3.8.4\mvn_resp\org\springframework\boot\spring-boot-starter-web\2.4.5\spring-boot-starter-web-2.4.5.jar;F:\workplaces\maven\apache-maven-3.8.4\mvn_resp\org\springframework\boot\spring-boot-starter-json\2.4.5\spring-boot-starter-json-2.4.5.jar;F:\workplaces\maven\apache-maven-3.8.4\mvn_resp\com\fasterxml\jackson\core\jackson-databind\2.11.4\jackson-databind-2.11.4.jar;F:\workplaces\maven\apache-maven-3.8.4\mvn_resp\com\fasterxml\jackson\core\jackson-annotations\2.11.4\jackson-annotations-2.11.4.jar;F:\workplaces\maven\apache-maven-3.8.4\mvn_resp\com\fasterxml\jackson\core\jackson-core\2.11.4\jackson-core-2.11.4.jar;F:\workplaces\maven\apache-maven-3.8.4\mvn_resp\com\fasterxml\jackson\datatype\jackson-datatype-jdk8\2.11.4\jackson-datatype-jdk8-2.11.4.jar;F:\workplaces\maven\apache-maven-3.8.4\mvn_resp\com\fasterxml\jackson\datatype\jackson-datatype-jsr310\2.11.4\jackson-datatype-jsr310-2.11.4.jar;F:\workplaces\maven\apache-maven-3.8.4\mvn_resp\com\fasterxml\jackson\module\jackson-module-parameter-names\2.11.4\jackson-module-parameter-names-2.11.4.jar;F:\workplaces\maven\apache-maven-3.8.4\mvn_resp\org\springframework\boot\spring-boot-starter-tomcat\2.4.5\spring-boot-starter-tomcat-2.4.5.jar;F:\workplaces\maven\apache-maven-3.8.4\mvn_resp\org\apache\tomcat\embed\tomcat-embed-core\9.0.45\tomcat-embed-core-9.0.45.jar;F:\workplaces\maven\apache-maven-3.8.4\mvn_resp\org\glassfish\jakarta.el\3.0.3\jakarta.el-3.0.3.jar;F:\workplaces\maven\apache-maven-3.8.4\mvn_resp\org\apache\tomcat\embed\tomcat-embed-websocket\9.0.45\tomcat-embed-websocket-9.0.45.jar;F:\workplaces\maven\apache-maven-3.8.4\mvn_resp\org\springframework\spring-web\5.3.6\spring-web-5.3.6.jar;F:\workplaces\maven\apache-maven-3.8.4\mvn_resp\org\springframework\spring-beans\5.3.6\spring-beans-5.3.6.jar;F:\workplaces\maven\apache-maven-3.8.4\mvn_resp\org\springframework\spring-webmvc\5.3.6\spring-webmvc-5.3.6.jar;F:\workplaces\maven\apache-maven-3.8.4\mvn_resp\org\springframework\spring-aop\5.3.6\spring-aop-5.3.6.jar;F:\workplaces\maven\apache-maven-3.8.4\mvn_resp\org\springframework\spring-expression\5.3.6\spring-expression-5.3.6.jar;F:\workplaces\maven\apache-maven-3.8.4\mvn_resp\com\baomidou\mybatis-plus-boot-starter\3.4.2\mybatis-plus-boot-starter-3.4.2.jar;F:\workplaces\maven\apache-maven-3.8.4\mvn_resp\com\baomidou\mybatis-plus\3.4.2\mybatis-plus-3.4.2.jar;F:\workplaces\maven\apache-maven-3.8.4\mvn_resp\com\baomidou\mybatis-plus-extension\3.4.2\mybatis-plus-extension-3.4.2.jar;F:\workplaces\maven\apache-maven-3.8.4\mvn_resp\com\baomidou\mybatis-plus-core\3.4.2\mybatis-plus-core-3.4.2.jar;F:\workplaces\maven\apache-maven-3.8.4\mvn_resp\com\baomidou\mybatis-plus-annotation\3.4.2\mybatis-plus-annotation-3.4.2.jar;F:\workplaces\maven\apache-maven-3.8.4\mvn_resp\com\github\jsqlparser\jsqlparser\4.0\jsqlparser-4.0.jar;F:\workplaces\maven\apache-maven-3.8.4\mvn_resp\org\mybatis\mybatis\3.5.6\mybatis-3.5.6.jar;F:\workplaces\maven\apache-maven-3.8.4\mvn_resp\org\mybatis\mybatis-spring\2.0.5\mybatis-spring-2.0.5.jar;F:\workplaces\maven\apache-maven-3.8.4\mvn_resp\org\springframework\boot\spring-boot-starter-jdbc\2.4.5\spring-boot-starter-jdbc-2.4.5.jar;F:\workplaces\maven\apache-maven-3.8.4\mvn_resp\com\zaxxer\HikariCP\3.4.5\HikariCP-3.4.5.jar;F:\workplaces\maven\apache-maven-3.8.4\mvn_resp\org\springframework\spring-jdbc\5.3.6\spring-jdbc-5.3.6.jar;F:\workplaces\maven\apache-maven-3.8.4\mvn_resp\org\springframework\spring-tx\5.3.6\spring-tx-5.3.6.jar;F:\workplaces\maven\apache-maven-3.8.4\mvn_resp\org\projectlombok\lombok\1.18.20\lombok-1.18.20.jar;F:\workplaces\maven\apache-maven-3.8.4\mvn_resp\com\alibaba\fastjson\1.2.76\fastjson-1.2.76.jar;F:\workplaces\maven\apache-maven-3.8.4\mvn_resp\commons-lang\commons-lang\2.6\commons-lang-2.6.jar;F:\workplaces\maven\apache-maven-3.8.4\mvn_resp\mysql\mysql-connector-java\8.0.23\mysql-connector-java-8.0.23.jar;F:\workplaces\maven\apache-maven-3.8.4\mvn_resp\com\alibaba\druid-spring-boot-starter\1.1.23\druid-spring-boot-starter-1.1.23.jar;F:\workplaces\maven\apache-maven-3.8.4\mvn_resp\com\alibaba\druid\1.1.23\druid-1.1.23.jar;"/>
    <property name="sun.cpu.endian" value="little"/>
    <property name="user.home" value="C:\Users\HP"/>
    <property name="user.language" value="zh"/>
    <property name="java.specification.vendor" value="Oracle Corporation"/>
    <property name="java.home" value="F:\Java\jre"/>
    <property name="basedir" value="F:\workplaces\java\youtuanwm"/>
    <property name="file.separator" value="\"/>
    <property name="line.separator" value="&#10;"/>
    <property name="java.vm.specification.vendor" value="Oracle Corporation"/>
    <property name="java.specification.name" value="Java Platform API Specification"/>
    <property name="java.awt.graphicsenv" value="sun.awt.Win32GraphicsEnvironment"/>
    <property name="surefire.real.class.path" value="C:\Users\HP\AppData\Local\Temp\surefire3091859859663214683\surefirebooter3718138746278183266.jar"/>
    <property name="sun.boot.class.path" value="F:\Java\jre\lib\resources.jar;F:\Java\jre\lib\rt.jar;F:\Java\jre\lib\sunrsasign.jar;F:\Java\jre\lib\jsse.jar;F:\Java\jre\lib\jce.jar;F:\Java\jre\lib\charsets.jar;F:\Java\jre\lib\jfr.jar;F:\Java\jre\classes"/>
    <property name="user.script" value=""/>
    <property name="sun.management.compiler" value="HotSpot 64-Bit Tiered Compilers"/>
    <property name="java.runtime.version" value="1.8.0_211-b12"/>
    <property name="user.name" value="HP"/>
    <property name="path.separator" value=";"/>
    <property name="os.version" value="10.0"/>
    <property name="java.endorsed.dirs" value="F:\Java\jre\lib\endorsed"/>
    <property name="java.runtime.name" value="Java(TM) SE Runtime Environment"/>
    <property name="file.encoding" value="GBK"/>
    <property name="java.vm.name" value="Java HotSpot(TM) 64-Bit Server VM"/>
    <property name="localRepository" value="F:\workplaces\maven\apache-maven-3.8.4\mvn_resp"/>
    <property name="java.vendor.url.bug" value="http://bugreport.sun.com/bugreport/"/>
    <property name="java.io.tmpdir" value="C:\Users\HP\AppData\Local\Temp\"/>
    <property name="idea.version" value="2021.1"/>
    <property name="java.version" value="1.8.0_211"/>
    <property name="user.dir" value="F:\workplaces\java\youtuanwm"/>
    <property name="os.arch" value="amd64"/>
    <property name="java.vm.specification.name" value="Java Virtual Machine Specification"/>
    <property name="java.awt.printerjob" value="sun.awt.windows.WPrinterJob"/>
    <property name="sun.os.patch.level" value=""/>
    <property name="java.library.path" value="F:\Java\jre\bin;C:\Windows\Sun\Java\bin;C:\Windows\system32;C:\Windows;C:\Program Files (x86)\Common Files\Oracle\Java\javapath;C:\Windows\system32;C:\Windows;C:\Windows\System32\Wbem;C:\Windows\System32\WindowsPowerShell\v1.0\;C:\Windows\System32\OpenSSH\;F:\Python;F:\Java\bin;%JAVA HOME%\jre\bin;F:\Python\Scripts;C:\Program Files\dotnet\;C:\Program Files\Microsoft SQL Server\130\Tools\Binn\;C:\Program Files\Microsoft SQL Server\Client SDK\ODBC\170\Tools\Binn\;C:\Program Files (x86)\NVIDIA Corporation\PhysX\Common;C:\Program Files\NVIDIA Corporation\Nsight Compute 2021.2.0\;F:\cuda\Development\lib;F:\cuda\Development\include;F:\cuda\Development\lib\x64;F:\xshell\;F:\sql\mysql-5.7.29-winx64\bin;G:\vscode\Microsoft VS Code\bin;F:\workplaces\maven\apache-maven-3.8.4\bin;F:\git\Git\cmd;F:\node\;F:\Xftp\;C:\Android;F:\Program Files\Polyspace\R2021a\runtime\win64;F:\Program Files\Polyspace\R2021a\bin;F:\Program Files\Polyspace\R2021a\polyspace\bin;C:\Program Files (x86)\Tencent\微信web开发者工具\dll;F:\SPSS\JRE\bin;F:\Python\Scripts\;F:\Python\;C:\Users\HP\AppData\Local\Microsoft\WindowsApps;C:\Users\HP\.dotnet\tools;G:\IDEA\IntelliJ IDEA 2021.1\bin;;F:\node.js\node_global;F:\node.js\;F:\node\node_global;;."/>
    <property name="java.vm.info" value="mixed mode"/>
    <property name="java.vendor" value="Oracle Corporation"/>
    <property name="java.vm.version" value="25.211-b12"/>
    <property name="java.ext.dirs" value="F:\Java\jre\lib\ext;C:\Windows\Sun\Java\lib\ext"/>
    <property name="sun.io.unicode.encoding" value="UnicodeLittle"/>
    <property name="maven.repo.local" value="F:\workplaces\maven\apache-maven-3.8.4\mvn_resp"/>
    <property name="java.class.version" value="52.0"/>
  </properties>
  <testcase name="test1" classname="com.lz.test.UploadFileTest" time="0.014"/>
</testsuite>